{"/Users/rongli/hackreactor/sdc/questions/questions-api/server/app.js": {"path":"/Users/rongli/hackreactor/sdc/questions/questions-api/server/app.js","statementMap":{"0":{"start":{"line":1,"column":16},"end":{"line":1,"column":34}},"1":{"start":{"line":2,"column":12},"end":{"line":2,"column":21}},"2":{"start":{"line":4,"column":15},"end":{"line":4,"column":37}},"3":{"start":{"line":7,"column":0},"end":{"line":7,"column":24}},"4":{"start":{"line":8,"column":0},"end":{"line":8,"column":21}},"5":{"start":{"line":10,"column":11},"end":{"line":12,"column":1}},"6":{"start":{"line":11,"column":2},"end":{"line":11,"column":15}},"7":{"start":{"line":13,"column":0},"end":{"line":13,"column":27}}},"fnMap":{"0":{"name":"(anonymous_0)","decl":{"start":{"line":10,"column":11},"end":{"line":10,"column":12}},"loc":{"start":{"line":10,"column":21},"end":{"line":12,"column":1}},"line":10}},"branchMap":{},"s":{"0":1,"1":1,"2":1,"3":1,"4":1,"5":1,"6":1,"7":1},"f":{"0":1},"b":{},"_coverageSchema":"1a1c01bbd47fc00a2c39e90264f33305004495a9","hash":"2b0e77010d8eb01d1e23269d2842131d8cfa3148"}
,"/Users/rongli/hackreactor/sdc/questions/questions-api/server/controller.js": {"path":"/Users/rongli/hackreactor/sdc/questions/questions-api/server/controller.js","statementMap":{"0":{"start":{"line":1,"column":15},"end":{"line":1,"column":37}},"1":{"start":{"line":3,"column":16},"end":{"line":5,"column":1}},"2":{"start":{"line":4,"column":2},"end":{"line":4,"column":29}},"3":{"start":{"line":7,"column":21},"end":{"line":129,"column":1}},"4":{"start":{"line":8,"column":2},"end":{"line":8,"column":38}},"5":{"start":{"line":9,"column":12},"end":{"line":9,"column":32}},"6":{"start":{"line":10,"column":13},"end":{"line":10,"column":32}},"7":{"start":{"line":11,"column":13},"end":{"line":11,"column":33}},"8":{"start":{"line":12,"column":2},"end":{"line":127,"column":7}},"9":{"start":{"line":14,"column":21},"end":{"line":14,"column":23}},"10":{"start":{"line":15,"column":6},"end":{"line":15,"column":35}},"11":{"start":{"line":16,"column":6},"end":{"line":16,"column":36}},"12":{"start":{"line":18,"column":22},"end":{"line":18,"column":41}},"13":{"start":{"line":19,"column":17},"end":{"line":19,"column":19}},"14":{"start":{"line":20,"column":17},"end":{"line":20,"column":19}},"15":{"start":{"line":21,"column":26},"end":{"line":21,"column":28}},"16":{"start":{"line":22,"column":6},"end":{"line":118,"column":7}},"17":{"start":{"line":22,"column":17},"end":{"line":22,"column":18}},"18":{"start":{"line":23,"column":8},"end":{"line":115,"column":9}},"19":{"start":{"line":25,"column":24},"end":{"line":25,"column":26}},"20":{"start":{"line":26,"column":10},"end":{"line":26,"column":58}},"21":{"start":{"line":27,"column":10},"end":{"line":27,"column":60}},"22":{"start":{"line":28,"column":19},"end":{"line":28,"column":93}},"23":{"start":{"line":29,"column":10},"end":{"line":29,"column":56}},"24":{"start":{"line":30,"column":10},"end":{"line":30,"column":54}},"25":{"start":{"line":31,"column":10},"end":{"line":31,"column":76}},"26":{"start":{"line":32,"column":10},"end":{"line":36,"column":11}},"27":{"start":{"line":33,"column":12},"end":{"line":33,"column":38}},"28":{"start":{"line":35,"column":12},"end":{"line":35,"column":37}},"29":{"start":{"line":38,"column":10},"end":{"line":38,"column":31}},"30":{"start":{"line":39,"column":20},"end":{"line":39,"column":35}},"31":{"start":{"line":40,"column":10},"end":{"line":69,"column":11}},"32":{"start":{"line":41,"column":12},"end":{"line":41,"column":33}},"33":{"start":{"line":43,"column":12},"end":{"line":64,"column":15}},"34":{"start":{"line":44,"column":14},"end":{"line":44,"column":41}},"35":{"start":{"line":45,"column":14},"end":{"line":45,"column":55}},"36":{"start":{"line":47,"column":14},"end":{"line":47,"column":61}},"37":{"start":{"line":48,"column":23},"end":{"line":48,"column":88}},"38":{"start":{"line":49,"column":14},"end":{"line":49,"column":63}},"39":{"start":{"line":50,"column":14},"end":{"line":50,"column":79}},"40":{"start":{"line":51,"column":14},"end":{"line":51,"column":75}},"41":{"start":{"line":52,"column":14},"end":{"line":52,"column":48}},"42":{"start":{"line":53,"column":14},"end":{"line":55,"column":15}},"43":{"start":{"line":54,"column":16},"end":{"line":54,"column":72}},"44":{"start":{"line":57,"column":14},"end":{"line":57,"column":29}},"45":{"start":{"line":59,"column":14},"end":{"line":61,"column":15}},"46":{"start":{"line":60,"column":16},"end":{"line":60,"column":72}},"47":{"start":{"line":65,"column":12},"end":{"line":65,"column":41}},"48":{"start":{"line":68,"column":12},"end":{"line":68,"column":41}},"49":{"start":{"line":72,"column":10},"end":{"line":72,"column":46}},"50":{"start":{"line":78,"column":26},"end":{"line":78,"column":63}},"51":{"start":{"line":80,"column":22},"end":{"line":80,"column":37}},"52":{"start":{"line":81,"column":12},"end":{"line":112,"column":13}},"53":{"start":{"line":82,"column":14},"end":{"line":82,"column":35}},"54":{"start":{"line":84,"column":14},"end":{"line":110,"column":17}},"55":{"start":{"line":88,"column":16},"end":{"line":88,"column":43}},"56":{"start":{"line":89,"column":16},"end":{"line":89,"column":57}},"57":{"start":{"line":91,"column":16},"end":{"line":91,"column":63}},"58":{"start":{"line":92,"column":25},"end":{"line":92,"column":90}},"59":{"start":{"line":93,"column":16},"end":{"line":93,"column":65}},"60":{"start":{"line":94,"column":16},"end":{"line":94,"column":81}},"61":{"start":{"line":95,"column":16},"end":{"line":95,"column":77}},"62":{"start":{"line":96,"column":16},"end":{"line":96,"column":50}},"63":{"start":{"line":98,"column":16},"end":{"line":100,"column":17}},"64":{"start":{"line":99,"column":18},"end":{"line":99,"column":74}},"65":{"start":{"line":102,"column":16},"end":{"line":102,"column":31}},"66":{"start":{"line":104,"column":16},"end":{"line":107,"column":17}},"67":{"start":{"line":106,"column":18},"end":{"line":106,"column":74}},"68":{"start":{"line":113,"column":12},"end":{"line":113,"column":59}},"69":{"start":{"line":121,"column":5},"end":{"line":121,"column":40}},"70":{"start":{"line":123,"column":6},"end":{"line":123,"column":25}},"71":{"start":{"line":126,"column":6},"end":{"line":126,"column":18}},"72":{"start":{"line":131,"column":18},"end":{"line":177,"column":1}},"73":{"start":{"line":132,"column":10},"end":{"line":132,"column":32}},"74":{"start":{"line":133,"column":13},"end":{"line":133,"column":32}},"75":{"start":{"line":134,"column":13},"end":{"line":134,"column":33}},"76":{"start":{"line":135,"column":2},"end":{"line":176,"column":30}},"77":{"start":{"line":137,"column":20},"end":{"line":144,"column":27}},"78":{"start":{"line":138,"column":8},"end":{"line":138,"column":46}},"79":{"start":{"line":139,"column":23},"end":{"line":139,"column":25}},"80":{"start":{"line":140,"column":8},"end":{"line":140,"column":30}},"81":{"start":{"line":141,"column":8},"end":{"line":141,"column":36}},"82":{"start":{"line":142,"column":8},"end":{"line":142,"column":38}},"83":{"start":{"line":143,"column":8},"end":{"line":143,"column":17}},"84":{"start":{"line":146,"column":15},"end":{"line":146,"column":17}},"85":{"start":{"line":147,"column":18},"end":{"line":147,"column":20}},"86":{"start":{"line":148,"column":4},"end":{"line":170,"column":5}},"87":{"start":{"line":150,"column":6},"end":{"line":169,"column":7}},"88":{"start":{"line":150,"column":17},"end":{"line":150,"column":18}},"89":{"start":{"line":152,"column":17},"end":{"line":152,"column":50}},"90":{"start":{"line":154,"column":8},"end":{"line":168,"column":9}},"91":{"start":{"line":155,"column":23},"end":{"line":155,"column":25}},"92":{"start":{"line":157,"column":10},"end":{"line":157,"column":52}},"93":{"start":{"line":158,"column":10},"end":{"line":158,"column":42}},"94":{"start":{"line":159,"column":19},"end":{"line":159,"column":84}},"95":{"start":{"line":161,"column":10},"end":{"line":161,"column":45}},"96":{"start":{"line":162,"column":10},"end":{"line":162,"column":60}},"97":{"start":{"line":163,"column":10},"end":{"line":163,"column":55}},"98":{"start":{"line":164,"column":10},"end":{"line":164,"column":39}},"99":{"start":{"line":166,"column":10},"end":{"line":166,"column":24}},"100":{"start":{"line":167,"column":10},"end":{"line":167,"column":31}},"101":{"start":{"line":171,"column":17},"end":{"line":171,"column":19}},"102":{"start":{"line":172,"column":6},"end":{"line":172,"column":26}},"103":{"start":{"line":173,"column":6},"end":{"line":173,"column":29}},"104":{"start":{"line":174,"column":6},"end":{"line":174,"column":21}},"105":{"start":{"line":176,"column":19},"end":{"line":176,"column":28}},"106":{"start":{"line":179,"column":21},"end":{"line":195,"column":1}},"107":{"start":{"line":181,"column":13},"end":{"line":181,"column":26}},"108":{"start":{"line":182,"column":13},"end":{"line":182,"column":26}},"109":{"start":{"line":183,"column":14},"end":{"line":183,"column":28}},"110":{"start":{"line":184,"column":18},"end":{"line":184,"column":37}},"111":{"start":{"line":188,"column":2},"end":{"line":193,"column":48}},"112":{"start":{"line":191,"column":6},"end":{"line":191,"column":30}},"113":{"start":{"line":193,"column":19},"end":{"line":193,"column":36}},"114":{"start":{"line":193,"column":36},"end":{"line":193,"column":45}},"115":{"start":{"line":197,"column":19},"end":{"line":212,"column":1}},"116":{"start":{"line":198,"column":12},"end":{"line":198,"column":34}},"117":{"start":{"line":199,"column":13},"end":{"line":199,"column":26}},"118":{"start":{"line":200,"column":13},"end":{"line":200,"column":26}},"119":{"start":{"line":201,"column":14},"end":{"line":201,"column":28}},"120":{"start":{"line":202,"column":15},"end":{"line":202,"column":30}},"121":{"start":{"line":206,"column":2},"end":{"line":211,"column":31}},"122":{"start":{"line":209,"column":6},"end":{"line":209,"column":30}},"123":{"start":{"line":211,"column":19},"end":{"line":211,"column":28}},"124":{"start":{"line":214,"column":17},"end":{"line":224,"column":1}},"125":{"start":{"line":215,"column":12},"end":{"line":215,"column":34}},"126":{"start":{"line":217,"column":2},"end":{"line":222,"column":31}},"127":{"start":{"line":220,"column":6},"end":{"line":220,"column":34}},"128":{"start":{"line":222,"column":19},"end":{"line":222,"column":28}},"129":{"start":{"line":227,"column":17},"end":{"line":235,"column":1}},"130":{"start":{"line":228,"column":12},"end":{"line":228,"column":32}},"131":{"start":{"line":229,"column":2},"end":{"line":233,"column":31}},"132":{"start":{"line":231,"column":6},"end":{"line":231,"column":34}},"133":{"start":{"line":233,"column":19},"end":{"line":233,"column":28}},"134":{"start":{"line":237,"column":16},"end":{"line":245,"column":1}},"135":{"start":{"line":238,"column":12},"end":{"line":238,"column":32}},"136":{"start":{"line":239,"column":2},"end":{"line":243,"column":31}},"137":{"start":{"line":241,"column":6},"end":{"line":241,"column":27}},"138":{"start":{"line":243,"column":19},"end":{"line":243,"column":28}},"139":{"start":{"line":249,"column":0},"end":{"line":249,"column":109}}},"fnMap":{"0":{"name":"(anonymous_0)","decl":{"start":{"line":3,"column":16},"end":{"line":3,"column":17}},"loc":{"start":{"line":3,"column":27},"end":{"line":5,"column":1}},"line":3},"1":{"name":"(anonymous_1)","decl":{"start":{"line":7,"column":21},"end":{"line":7,"column":22}},"loc":{"start":{"line":7,"column":34},"end":{"line":129,"column":1}},"line":7},"2":{"name":"(anonymous_2)","decl":{"start":{"line":13,"column":10},"end":{"line":13,"column":11}},"loc":{"start":{"line":13,"column":20},"end":{"line":124,"column":5}},"line":13},"3":{"name":"(anonymous_3)","decl":{"start":{"line":125,"column":11},"end":{"line":125,"column":12}},"loc":{"start":{"line":125,"column":20},"end":{"line":127,"column":5}},"line":125},"4":{"name":"(anonymous_4)","decl":{"start":{"line":131,"column":18},"end":{"line":131,"column":19}},"loc":{"start":{"line":131,"column":31},"end":{"line":177,"column":1}},"line":131},"5":{"name":"(anonymous_5)","decl":{"start":{"line":136,"column":10},"end":{"line":136,"column":11}},"loc":{"start":{"line":136,"column":20},"end":{"line":175,"column":5}},"line":136},"6":{"name":"(anonymous_6)","decl":{"start":{"line":137,"column":37},"end":{"line":137,"column":38}},"loc":{"start":{"line":137,"column":53},"end":{"line":144,"column":5}},"line":137},"7":{"name":"(anonymous_7)","decl":{"start":{"line":176,"column":11},"end":{"line":176,"column":12}},"loc":{"start":{"line":176,"column":18},"end":{"line":176,"column":29}},"line":176},"8":{"name":"(anonymous_8)","decl":{"start":{"line":179,"column":21},"end":{"line":179,"column":22}},"loc":{"start":{"line":179,"column":33},"end":{"line":195,"column":1}},"line":179},"9":{"name":"(anonymous_9)","decl":{"start":{"line":189,"column":10},"end":{"line":189,"column":11}},"loc":{"start":{"line":189,"column":20},"end":{"line":192,"column":5}},"line":189},"10":{"name":"(anonymous_10)","decl":{"start":{"line":193,"column":11},"end":{"line":193,"column":12}},"loc":{"start":{"line":193,"column":18},"end":{"line":193,"column":46}},"line":193},"11":{"name":"(anonymous_11)","decl":{"start":{"line":197,"column":19},"end":{"line":197,"column":20}},"loc":{"start":{"line":197,"column":32},"end":{"line":212,"column":1}},"line":197},"12":{"name":"(anonymous_12)","decl":{"start":{"line":207,"column":10},"end":{"line":207,"column":11}},"loc":{"start":{"line":207,"column":20},"end":{"line":210,"column":5}},"line":207},"13":{"name":"(anonymous_13)","decl":{"start":{"line":211,"column":11},"end":{"line":211,"column":12}},"loc":{"start":{"line":211,"column":18},"end":{"line":211,"column":29}},"line":211},"14":{"name":"(anonymous_14)","decl":{"start":{"line":214,"column":17},"end":{"line":214,"column":18}},"loc":{"start":{"line":214,"column":30},"end":{"line":224,"column":1}},"line":214},"15":{"name":"(anonymous_15)","decl":{"start":{"line":218,"column":10},"end":{"line":218,"column":11}},"loc":{"start":{"line":218,"column":20},"end":{"line":221,"column":5}},"line":218},"16":{"name":"(anonymous_16)","decl":{"start":{"line":222,"column":11},"end":{"line":222,"column":12}},"loc":{"start":{"line":222,"column":18},"end":{"line":222,"column":29}},"line":222},"17":{"name":"(anonymous_17)","decl":{"start":{"line":227,"column":17},"end":{"line":227,"column":18}},"loc":{"start":{"line":227,"column":30},"end":{"line":235,"column":1}},"line":227},"18":{"name":"(anonymous_18)","decl":{"start":{"line":230,"column":10},"end":{"line":230,"column":11}},"loc":{"start":{"line":230,"column":20},"end":{"line":232,"column":5}},"line":230},"19":{"name":"(anonymous_19)","decl":{"start":{"line":233,"column":11},"end":{"line":233,"column":12}},"loc":{"start":{"line":233,"column":18},"end":{"line":233,"column":29}},"line":233},"20":{"name":"(anonymous_20)","decl":{"start":{"line":237,"column":16},"end":{"line":237,"column":17}},"loc":{"start":{"line":237,"column":29},"end":{"line":245,"column":1}},"line":237},"21":{"name":"(anonymous_21)","decl":{"start":{"line":240,"column":10},"end":{"line":240,"column":11}},"loc":{"start":{"line":240,"column":20},"end":{"line":242,"column":5}},"line":240},"22":{"name":"(anonymous_22)","decl":{"start":{"line":243,"column":11},"end":{"line":243,"column":12}},"loc":{"start":{"line":243,"column":18},"end":{"line":243,"column":29}},"line":243}},"branchMap":{"0":{"loc":{"start":{"line":10,"column":13},"end":{"line":10,"column":32}},"type":"binary-expr","locations":[{"start":{"line":10,"column":13},"end":{"line":10,"column":27}},{"start":{"line":10,"column":31},"end":{"line":10,"column":32}}],"line":10},"1":{"loc":{"start":{"line":11,"column":13},"end":{"line":11,"column":33}},"type":"binary-expr","locations":[{"start":{"line":11,"column":13},"end":{"line":11,"column":28}},{"start":{"line":11,"column":32},"end":{"line":11,"column":33}}],"line":11},"2":{"loc":{"start":{"line":23,"column":8},"end":{"line":115,"column":9}},"type":"if","locations":[{"start":{"line":23,"column":8},"end":{"line":115,"column":9}},{"start":{"line":76,"column":14},"end":{"line":115,"column":9}}],"line":23},"3":{"loc":{"start":{"line":32,"column":10},"end":{"line":36,"column":11}},"type":"if","locations":[{"start":{"line":32,"column":10},"end":{"line":36,"column":11}},{"start":{"line":34,"column":17},"end":{"line":36,"column":11}}],"line":32},"4":{"loc":{"start":{"line":40,"column":10},"end":{"line":69,"column":11}},"type":"if","locations":[{"start":{"line":40,"column":10},"end":{"line":69,"column":11}},{"start":{"line":67,"column":17},"end":{"line":69,"column":11}}],"line":40},"5":{"loc":{"start":{"line":43,"column":12},"end":{"line":64,"column":15}},"type":"if","locations":[{"start":{"line":43,"column":12},"end":{"line":64,"column":15}},{"start":{"line":58,"column":21},"end":{"line":64,"column":15}}],"line":43},"6":{"loc":{"start":{"line":53,"column":14},"end":{"line":55,"column":15}},"type":"if","locations":[{"start":{"line":53,"column":14},"end":{"line":55,"column":15}},{"start":{},"end":{}}],"line":53},"7":{"loc":{"start":{"line":59,"column":14},"end":{"line":61,"column":15}},"type":"if","locations":[{"start":{"line":59,"column":14},"end":{"line":61,"column":15}},{"start":{},"end":{}}],"line":59},"8":{"loc":{"start":{"line":81,"column":12},"end":{"line":112,"column":13}},"type":"if","locations":[{"start":{"line":81,"column":12},"end":{"line":112,"column":13}},{"start":{},"end":{}}],"line":81},"9":{"loc":{"start":{"line":84,"column":14},"end":{"line":110,"column":17}},"type":"if","locations":[{"start":{"line":84,"column":14},"end":{"line":110,"column":17}},{"start":{"line":103,"column":23},"end":{"line":110,"column":17}}],"line":84},"10":{"loc":{"start":{"line":98,"column":16},"end":{"line":100,"column":17}},"type":"if","locations":[{"start":{"line":98,"column":16},"end":{"line":100,"column":17}},{"start":{},"end":{}}],"line":98},"11":{"loc":{"start":{"line":104,"column":16},"end":{"line":107,"column":17}},"type":"if","locations":[{"start":{"line":104,"column":16},"end":{"line":107,"column":17}},{"start":{},"end":{}}],"line":104},"12":{"loc":{"start":{"line":133,"column":13},"end":{"line":133,"column":32}},"type":"binary-expr","locations":[{"start":{"line":133,"column":13},"end":{"line":133,"column":27}},{"start":{"line":133,"column":31},"end":{"line":133,"column":32}}],"line":133},"13":{"loc":{"start":{"line":134,"column":13},"end":{"line":134,"column":33}},"type":"binary-expr","locations":[{"start":{"line":134,"column":13},"end":{"line":134,"column":28}},{"start":{"line":134,"column":32},"end":{"line":134,"column":33}}],"line":134},"14":{"loc":{"start":{"line":138,"column":25},"end":{"line":138,"column":45}},"type":"binary-expr","locations":[{"start":{"line":138,"column":25},"end":{"line":138,"column":39}},{"start":{"line":138,"column":43},"end":{"line":138,"column":45}}],"line":138},"15":{"loc":{"start":{"line":154,"column":8},"end":{"line":168,"column":9}},"type":"if","locations":[{"start":{"line":154,"column":8},"end":{"line":168,"column":9}},{"start":{},"end":{}}],"line":154}},"s":{"0":3,"1":3,"2":2,"3":3,"4":0,"5":0,"6":0,"7":0,"8":0,"9":0,"10":0,"11":0,"12":0,"13":0,"14":0,"15":0,"16":0,"17":0,"18":0,"19":0,"20":0,"21":0,"22":0,"23":0,"24":0,"25":0,"26":0,"27":0,"28":0,"29":0,"30":0,"31":0,"32":0,"33":0,"34":0,"35":0,"36":0,"37":0,"38":0,"39":0,"40":0,"41":0,"42":0,"43":0,"44":0,"45":0,"46":0,"47":0,"48":0,"49":0,"50":0,"51":0,"52":0,"53":0,"54":0,"55":0,"56":0,"57":0,"58":0,"59":0,"60":0,"61":0,"62":0,"63":0,"64":0,"65":0,"66":0,"67":0,"68":0,"69":0,"70":0,"71":0,"72":3,"73":0,"74":0,"75":0,"76":0,"77":0,"78":0,"79":0,"80":0,"81":0,"82":0,"83":0,"84":0,"85":0,"86":0,"87":0,"88":0,"89":0,"90":0,"91":0,"92":0,"93":0,"94":0,"95":0,"96":0,"97":0,"98":0,"99":0,"100":0,"101":0,"102":0,"103":0,"104":0,"105":0,"106":3,"107":0,"108":0,"109":0,"110":0,"111":0,"112":0,"113":0,"114":0,"115":3,"116":0,"117":0,"118":0,"119":0,"120":0,"121":0,"122":0,"123":0,"124":3,"125":0,"126":0,"127":0,"128":0,"129":3,"130":0,"131":0,"132":0,"133":0,"134":3,"135":0,"136":0,"137":0,"138":0,"139":3},"f":{"0":2,"1":0,"2":0,"3":0,"4":0,"5":0,"6":0,"7":0,"8":0,"9":0,"10":0,"11":0,"12":0,"13":0,"14":0,"15":0,"16":0,"17":0,"18":0,"19":0,"20":0,"21":0,"22":0},"b":{"0":[0,0],"1":[0,0],"2":[0,0],"3":[0,0],"4":[0,0],"5":[0,0],"6":[0,0],"7":[0,0],"8":[0,0],"9":[0,0],"10":[0,0],"11":[0,0],"12":[0,0],"13":[0,0],"14":[0,0],"15":[0,0]},"_coverageSchema":"1a1c01bbd47fc00a2c39e90264f33305004495a9","hash":"4f76c9597f7b85fab2552f89bcdbcf2ebe77f4b6"}
,"/Users/rongli/hackreactor/sdc/questions/questions-api/server/models.js": {"path":"/Users/rongli/hackreactor/sdc/questions/questions-api/server/models.js","statementMap":{"0":{"start":{"line":3,"column":0},"end":{"line":21,"column":2}},"1":{"start":{"line":7,"column":15},"end":{"line":7,"column":29}},"2":{"start":{"line":8,"column":15},"end":{"line":8,"column":29}},"3":{"start":{"line":9,"column":14},"end":{"line":18,"column":112}},"4":{"start":{"line":19,"column":2},"end":{"line":19,"column":21}},"5":{"start":{"line":20,"column":2},"end":{"line":20,"column":65}},"6":{"start":{"line":20,"column":45},"end":{"line":20,"column":63}},"7":{"start":{"line":23,"column":0},"end":{"line":36,"column":2}},"8":{"start":{"line":24,"column":15},"end":{"line":24,"column":29}},"9":{"start":{"line":25,"column":15},"end":{"line":25,"column":29}},"10":{"start":{"line":26,"column":14},"end":{"line":31,"column":60}},"11":{"start":{"line":35,"column":2},"end":{"line":35,"column":65}},"12":{"start":{"line":35,"column":45},"end":{"line":35,"column":63}},"13":{"start":{"line":38,"column":0},"end":{"line":54,"column":2}},"14":{"start":{"line":40,"column":13},"end":{"line":40,"column":41}},"15":{"start":{"line":41,"column":14},"end":{"line":42,"column":54}},"16":{"start":{"line":43,"column":2},"end":{"line":52,"column":38}},"17":{"start":{"line":46,"column":6},"end":{"line":46,"column":38}},"18":{"start":{"line":47,"column":16},"end":{"line":47,"column":34}},"19":{"start":{"line":48,"column":17},"end":{"line":49,"column":34}},"20":{"start":{"line":50,"column":6},"end":{"line":50,"column":35}},"21":{"start":{"line":52,"column":20},"end":{"line":52,"column":36}},"22":{"start":{"line":56,"column":0},"end":{"line":85,"column":2}},"23":{"start":{"line":57,"column":13},"end":{"line":57,"column":41}},"24":{"start":{"line":58,"column":14},"end":{"line":59,"column":54}},"25":{"start":{"line":60,"column":2},"end":{"line":83,"column":40}},"26":{"start":{"line":64,"column":16},"end":{"line":64,"column":34}},"27":{"start":{"line":65,"column":17},"end":{"line":66,"column":34}},"28":{"start":{"line":68,"column":18},"end":{"line":68,"column":20}},"29":{"start":{"line":69,"column":6},"end":{"line":76,"column":9}},"30":{"start":{"line":70,"column":8},"end":{"line":75,"column":74}},"31":{"start":{"line":71,"column":10},"end":{"line":71,"column":27}},"32":{"start":{"line":72,"column":10},"end":{"line":73,"column":36}},"33":{"start":{"line":74,"column":10},"end":{"line":75,"column":71}},"34":{"start":{"line":75,"column":51},"end":{"line":75,"column":69}},"35":{"start":{"line":77,"column":6},"end":{"line":77,"column":77}},"36":{"start":{"line":77,"column":56},"end":{"line":77,"column":74}},"37":{"start":{"line":80,"column":6},"end":{"line":80,"column":21}},"38":{"start":{"line":83,"column":20},"end":{"line":83,"column":38}},"39":{"start":{"line":87,"column":0},"end":{"line":90,"column":2}},"40":{"start":{"line":88,"column":14},"end":{"line":88,"column":80}},"41":{"start":{"line":89,"column":2},"end":{"line":89,"column":63}},"42":{"start":{"line":89,"column":44},"end":{"line":89,"column":60}},"43":{"start":{"line":92,"column":0},"end":{"line":95,"column":2}},"44":{"start":{"line":93,"column":14},"end":{"line":93,"column":78}},"45":{"start":{"line":94,"column":2},"end":{"line":94,"column":63}},"46":{"start":{"line":94,"column":44},"end":{"line":94,"column":60}},"47":{"start":{"line":97,"column":0},"end":{"line":100,"column":2}},"48":{"start":{"line":98,"column":14},"end":{"line":98,"column":65}},"49":{"start":{"line":99,"column":2},"end":{"line":99,"column":63}},"50":{"start":{"line":99,"column":44},"end":{"line":99,"column":60}}},"fnMap":{"0":{"name":"(anonymous_0)","decl":{"start":{"line":3,"column":15},"end":{"line":3,"column":16}},"loc":{"start":{"line":3,"column":35},"end":{"line":21,"column":1}},"line":3},"1":{"name":"(anonymous_1)","decl":{"start":{"line":20,"column":36},"end":{"line":20,"column":37}},"loc":{"start":{"line":20,"column":45},"end":{"line":20,"column":63}},"line":20},"2":{"name":"(anonymous_2)","decl":{"start":{"line":23,"column":15},"end":{"line":23,"column":16}},"loc":{"start":{"line":23,"column":35},"end":{"line":36,"column":1}},"line":23},"3":{"name":"(anonymous_3)","decl":{"start":{"line":35,"column":36},"end":{"line":35,"column":37}},"loc":{"start":{"line":35,"column":45},"end":{"line":35,"column":63}},"line":35},"4":{"name":"(anonymous_4)","decl":{"start":{"line":38,"column":15},"end":{"line":38,"column":16}},"loc":{"start":{"line":38,"column":42},"end":{"line":54,"column":1}},"line":38},"5":{"name":"(anonymous_5)","decl":{"start":{"line":44,"column":10},"end":{"line":44,"column":11}},"loc":{"start":{"line":44,"column":20},"end":{"line":51,"column":5}},"line":44},"6":{"name":"(anonymous_6)","decl":{"start":{"line":52,"column":11},"end":{"line":52,"column":12}},"loc":{"start":{"line":52,"column":20},"end":{"line":52,"column":36}},"line":52},"7":{"name":"(anonymous_7)","decl":{"start":{"line":56,"column":15},"end":{"line":56,"column":16}},"loc":{"start":{"line":56,"column":47},"end":{"line":85,"column":1}},"line":56},"8":{"name":"(anonymous_8)","decl":{"start":{"line":61,"column":10},"end":{"line":61,"column":11}},"loc":{"start":{"line":61,"column":20},"end":{"line":82,"column":5}},"line":61},"9":{"name":"(anonymous_9)","decl":{"start":{"line":70,"column":29},"end":{"line":70,"column":30}},"loc":{"start":{"line":70,"column":36},"end":{"line":75,"column":72}},"line":70},"10":{"name":"(anonymous_10)","decl":{"start":{"line":75,"column":42},"end":{"line":75,"column":43}},"loc":{"start":{"line":75,"column":51},"end":{"line":75,"column":69}},"line":75},"11":{"name":"(anonymous_11)","decl":{"start":{"line":77,"column":47},"end":{"line":77,"column":48}},"loc":{"start":{"line":77,"column":56},"end":{"line":77,"column":74}},"line":77},"12":{"name":"(anonymous_12)","decl":{"start":{"line":83,"column":11},"end":{"line":83,"column":12}},"loc":{"start":{"line":83,"column":20},"end":{"line":83,"column":38}},"line":83},"13":{"name":"(anonymous_13)","decl":{"start":{"line":87,"column":18},"end":{"line":87,"column":19}},"loc":{"start":{"line":87,"column":26},"end":{"line":90,"column":1}},"line":87},"14":{"name":"(anonymous_14)","decl":{"start":{"line":89,"column":36},"end":{"line":89,"column":37}},"loc":{"start":{"line":89,"column":43},"end":{"line":89,"column":61}},"line":89},"15":{"name":"(anonymous_15)","decl":{"start":{"line":92,"column":18},"end":{"line":92,"column":19}},"loc":{"start":{"line":92,"column":26},"end":{"line":95,"column":1}},"line":92},"16":{"name":"(anonymous_16)","decl":{"start":{"line":94,"column":36},"end":{"line":94,"column":37}},"loc":{"start":{"line":94,"column":43},"end":{"line":94,"column":61}},"line":94},"17":{"name":"(anonymous_17)","decl":{"start":{"line":97,"column":17},"end":{"line":97,"column":18}},"loc":{"start":{"line":97,"column":25},"end":{"line":100,"column":1}},"line":97},"18":{"name":"(anonymous_18)","decl":{"start":{"line":99,"column":36},"end":{"line":99,"column":37}},"loc":{"start":{"line":99,"column":43},"end":{"line":99,"column":61}},"line":99}},"branchMap":{"0":{"loc":{"start":{"line":69,"column":6},"end":{"line":76,"column":9}},"type":"if","locations":[{"start":{"line":69,"column":6},"end":{"line":76,"column":9}},{"start":{},"end":{}}],"line":69}},"s":{"0":3,"1":0,"2":0,"3":0,"4":0,"5":0,"6":0,"7":3,"8":0,"9":0,"10":0,"11":0,"12":0,"13":3,"14":0,"15":0,"16":0,"17":0,"18":0,"19":0,"20":0,"21":0,"22":3,"23":0,"24":0,"25":0,"26":0,"27":0,"28":0,"29":0,"30":0,"31":0,"32":0,"33":0,"34":0,"35":0,"36":0,"37":0,"38":0,"39":3,"40":0,"41":0,"42":0,"43":3,"44":0,"45":0,"46":0,"47":3,"48":0,"49":0,"50":0},"f":{"0":0,"1":0,"2":0,"3":0,"4":0,"5":0,"6":0,"7":0,"8":0,"9":0,"10":0,"11":0,"12":0,"13":0,"14":0,"15":0,"16":0,"17":0,"18":0},"b":{"0":[0,0]},"_coverageSchema":"1a1c01bbd47fc00a2c39e90264f33305004495a9","hash":"4fe684a6a6cb136db5301ab6b6f62970c30efe91"}
,"/Users/rongli/hackreactor/sdc/questions/questions-api/server/routes.js": {"path":"/Users/rongli/hackreactor/sdc/questions/questions-api/server/routes.js","statementMap":{"0":{"start":{"line":1,"column":15},"end":{"line":1,"column":42}},"1":{"start":{"line":2,"column":101},"end":{"line":2,"column":124}},"2":{"start":{"line":4,"column":0},"end":{"line":4,"column":27}},"3":{"start":{"line":5,"column":0},"end":{"line":5,"column":42}},"4":{"start":{"line":6,"column":0},"end":{"line":6,"column":61}},"5":{"start":{"line":7,"column":0},"end":{"line":7,"column":43}},"6":{"start":{"line":8,"column":0},"end":{"line":8,"column":62}},"7":{"start":{"line":9,"column":0},"end":{"line":9,"column":59}},"8":{"start":{"line":10,"column":0},"end":{"line":10,"column":55}},"9":{"start":{"line":12,"column":0},"end":{"line":12,"column":53}},"10":{"start":{"line":15,"column":0},"end":{"line":15,"column":24}}},"fnMap":{},"branchMap":{},"s":{"0":2,"1":2,"2":2,"3":2,"4":2,"5":2,"6":2,"7":2,"8":2,"9":2,"10":2},"f":{},"b":{},"_coverageSchema":"1a1c01bbd47fc00a2c39e90264f33305004495a9","hash":"85862b9553980a1cdfd35cc556c79ec1ac3d7508"}
,"/Users/rongli/hackreactor/sdc/questions/questions-api/server/testfile.js": {"path":"/Users/rongli/hackreactor/sdc/questions/questions-api/server/testfile.js","statementMap":{"0":{"start":{"line":3,"column":12},"end":{"line":5,"column":1}},"1":{"start":{"line":4,"column":2},"end":{"line":4,"column":15}},"2":{"start":{"line":7,"column":0},"end":{"line":7,"column":22}}},"fnMap":{"0":{"name":"(anonymous_0)","decl":{"start":{"line":3,"column":12},"end":{"line":3,"column":13}},"loc":{"start":{"line":3,"column":22},"end":{"line":5,"column":1}},"line":3}},"branchMap":{},"s":{"0":1,"1":1,"2":1},"f":{"0":1},"b":{},"_coverageSchema":"1a1c01bbd47fc00a2c39e90264f33305004495a9","hash":"d65188391468a7785ecce958839d96c8a10707a3"}
}
