{"/Users/rongli/hackreactor/sdc/questions/questions-api/server/app.js": {"path":"/Users/rongli/hackreactor/sdc/questions/questions-api/server/app.js","statementMap":{"0":{"start":{"line":1,"column":16},"end":{"line":1,"column":34}},"1":{"start":{"line":2,"column":12},"end":{"line":2,"column":21}},"2":{"start":{"line":4,"column":15},"end":{"line":4,"column":37}},"3":{"start":{"line":7,"column":0},"end":{"line":7,"column":24}},"4":{"start":{"line":8,"column":0},"end":{"line":8,"column":21}},"5":{"start":{"line":10,"column":11},"end":{"line":12,"column":1}},"6":{"start":{"line":11,"column":2},"end":{"line":11,"column":15}},"7":{"start":{"line":13,"column":0},"end":{"line":13,"column":27}}},"fnMap":{"0":{"name":"(anonymous_0)","decl":{"start":{"line":10,"column":11},"end":{"line":10,"column":12}},"loc":{"start":{"line":10,"column":21},"end":{"line":12,"column":1}},"line":10}},"branchMap":{},"s":{"0":1,"1":1,"2":1,"3":1,"4":1,"5":1,"6":1,"7":1},"f":{"0":1},"b":{},"_coverageSchema":"1a1c01bbd47fc00a2c39e90264f33305004495a9","hash":"2b0e77010d8eb01d1e23269d2842131d8cfa3148"}
,"/Users/rongli/hackreactor/sdc/questions/questions-api/server/controller.js": {"path":"/Users/rongli/hackreactor/sdc/questions/questions-api/server/controller.js","statementMap":{"0":{"start":{"line":1,"column":15},"end":{"line":1,"column":37}},"1":{"start":{"line":3,"column":16},"end":{"line":5,"column":1}},"2":{"start":{"line":4,"column":2},"end":{"line":4,"column":29}},"3":{"start":{"line":7,"column":21},"end":{"line":130,"column":1}},"4":{"start":{"line":9,"column":12},"end":{"line":9,"column":32}},"5":{"start":{"line":10,"column":13},"end":{"line":10,"column":32}},"6":{"start":{"line":11,"column":13},"end":{"line":11,"column":33}},"7":{"start":{"line":12,"column":2},"end":{"line":128,"column":7}},"8":{"start":{"line":15,"column":21},"end":{"line":15,"column":23}},"9":{"start":{"line":16,"column":6},"end":{"line":16,"column":35}},"10":{"start":{"line":17,"column":6},"end":{"line":17,"column":36}},"11":{"start":{"line":19,"column":22},"end":{"line":19,"column":41}},"12":{"start":{"line":20,"column":17},"end":{"line":20,"column":19}},"13":{"start":{"line":21,"column":17},"end":{"line":21,"column":19}},"14":{"start":{"line":22,"column":26},"end":{"line":22,"column":28}},"15":{"start":{"line":23,"column":6},"end":{"line":119,"column":7}},"16":{"start":{"line":23,"column":17},"end":{"line":23,"column":18}},"17":{"start":{"line":24,"column":8},"end":{"line":116,"column":9}},"18":{"start":{"line":26,"column":24},"end":{"line":26,"column":26}},"19":{"start":{"line":27,"column":10},"end":{"line":27,"column":58}},"20":{"start":{"line":28,"column":10},"end":{"line":28,"column":60}},"21":{"start":{"line":29,"column":19},"end":{"line":29,"column":93}},"22":{"start":{"line":30,"column":10},"end":{"line":30,"column":56}},"23":{"start":{"line":31,"column":10},"end":{"line":31,"column":54}},"24":{"start":{"line":32,"column":10},"end":{"line":32,"column":76}},"25":{"start":{"line":33,"column":10},"end":{"line":37,"column":11}},"26":{"start":{"line":34,"column":12},"end":{"line":34,"column":38}},"27":{"start":{"line":36,"column":12},"end":{"line":36,"column":37}},"28":{"start":{"line":39,"column":10},"end":{"line":39,"column":31}},"29":{"start":{"line":40,"column":20},"end":{"line":40,"column":35}},"30":{"start":{"line":41,"column":10},"end":{"line":70,"column":11}},"31":{"start":{"line":42,"column":12},"end":{"line":42,"column":33}},"32":{"start":{"line":44,"column":12},"end":{"line":65,"column":15}},"33":{"start":{"line":45,"column":14},"end":{"line":45,"column":41}},"34":{"start":{"line":46,"column":14},"end":{"line":46,"column":55}},"35":{"start":{"line":48,"column":14},"end":{"line":48,"column":61}},"36":{"start":{"line":49,"column":23},"end":{"line":49,"column":88}},"37":{"start":{"line":50,"column":14},"end":{"line":50,"column":63}},"38":{"start":{"line":51,"column":14},"end":{"line":51,"column":79}},"39":{"start":{"line":52,"column":14},"end":{"line":52,"column":75}},"40":{"start":{"line":53,"column":14},"end":{"line":53,"column":48}},"41":{"start":{"line":54,"column":14},"end":{"line":56,"column":15}},"42":{"start":{"line":55,"column":16},"end":{"line":55,"column":72}},"43":{"start":{"line":58,"column":14},"end":{"line":58,"column":29}},"44":{"start":{"line":60,"column":14},"end":{"line":62,"column":15}},"45":{"start":{"line":61,"column":16},"end":{"line":61,"column":72}},"46":{"start":{"line":66,"column":12},"end":{"line":66,"column":41}},"47":{"start":{"line":69,"column":12},"end":{"line":69,"column":41}},"48":{"start":{"line":73,"column":10},"end":{"line":73,"column":46}},"49":{"start":{"line":79,"column":26},"end":{"line":79,"column":63}},"50":{"start":{"line":81,"column":22},"end":{"line":81,"column":37}},"51":{"start":{"line":82,"column":12},"end":{"line":113,"column":13}},"52":{"start":{"line":83,"column":14},"end":{"line":83,"column":35}},"53":{"start":{"line":85,"column":14},"end":{"line":111,"column":17}},"54":{"start":{"line":89,"column":16},"end":{"line":89,"column":43}},"55":{"start":{"line":90,"column":16},"end":{"line":90,"column":57}},"56":{"start":{"line":92,"column":16},"end":{"line":92,"column":63}},"57":{"start":{"line":93,"column":25},"end":{"line":93,"column":90}},"58":{"start":{"line":94,"column":16},"end":{"line":94,"column":65}},"59":{"start":{"line":95,"column":16},"end":{"line":95,"column":81}},"60":{"start":{"line":96,"column":16},"end":{"line":96,"column":77}},"61":{"start":{"line":97,"column":16},"end":{"line":97,"column":50}},"62":{"start":{"line":99,"column":16},"end":{"line":101,"column":17}},"63":{"start":{"line":100,"column":18},"end":{"line":100,"column":74}},"64":{"start":{"line":103,"column":16},"end":{"line":103,"column":31}},"65":{"start":{"line":105,"column":16},"end":{"line":108,"column":17}},"66":{"start":{"line":107,"column":18},"end":{"line":107,"column":74}},"67":{"start":{"line":114,"column":12},"end":{"line":114,"column":59}},"68":{"start":{"line":122,"column":5},"end":{"line":122,"column":40}},"69":{"start":{"line":124,"column":6},"end":{"line":124,"column":25}},"70":{"start":{"line":127,"column":6},"end":{"line":127,"column":18}},"71":{"start":{"line":132,"column":18},"end":{"line":178,"column":1}},"72":{"start":{"line":133,"column":10},"end":{"line":133,"column":32}},"73":{"start":{"line":134,"column":13},"end":{"line":134,"column":32}},"74":{"start":{"line":135,"column":13},"end":{"line":135,"column":33}},"75":{"start":{"line":136,"column":2},"end":{"line":177,"column":30}},"76":{"start":{"line":138,"column":20},"end":{"line":145,"column":27}},"77":{"start":{"line":139,"column":8},"end":{"line":139,"column":46}},"78":{"start":{"line":140,"column":23},"end":{"line":140,"column":25}},"79":{"start":{"line":141,"column":8},"end":{"line":141,"column":30}},"80":{"start":{"line":142,"column":8},"end":{"line":142,"column":36}},"81":{"start":{"line":143,"column":8},"end":{"line":143,"column":38}},"82":{"start":{"line":144,"column":8},"end":{"line":144,"column":17}},"83":{"start":{"line":147,"column":15},"end":{"line":147,"column":17}},"84":{"start":{"line":148,"column":18},"end":{"line":148,"column":20}},"85":{"start":{"line":149,"column":4},"end":{"line":171,"column":5}},"86":{"start":{"line":151,"column":6},"end":{"line":170,"column":7}},"87":{"start":{"line":151,"column":17},"end":{"line":151,"column":18}},"88":{"start":{"line":153,"column":17},"end":{"line":153,"column":50}},"89":{"start":{"line":155,"column":8},"end":{"line":169,"column":9}},"90":{"start":{"line":156,"column":23},"end":{"line":156,"column":25}},"91":{"start":{"line":158,"column":10},"end":{"line":158,"column":52}},"92":{"start":{"line":159,"column":10},"end":{"line":159,"column":42}},"93":{"start":{"line":160,"column":19},"end":{"line":160,"column":84}},"94":{"start":{"line":162,"column":10},"end":{"line":162,"column":45}},"95":{"start":{"line":163,"column":10},"end":{"line":163,"column":60}},"96":{"start":{"line":164,"column":10},"end":{"line":164,"column":55}},"97":{"start":{"line":165,"column":10},"end":{"line":165,"column":39}},"98":{"start":{"line":167,"column":10},"end":{"line":167,"column":24}},"99":{"start":{"line":168,"column":10},"end":{"line":168,"column":31}},"100":{"start":{"line":172,"column":17},"end":{"line":172,"column":19}},"101":{"start":{"line":173,"column":6},"end":{"line":173,"column":26}},"102":{"start":{"line":174,"column":6},"end":{"line":174,"column":29}},"103":{"start":{"line":175,"column":6},"end":{"line":175,"column":21}},"104":{"start":{"line":177,"column":19},"end":{"line":177,"column":28}},"105":{"start":{"line":180,"column":21},"end":{"line":197,"column":1}},"106":{"start":{"line":182,"column":13},"end":{"line":182,"column":26}},"107":{"start":{"line":183,"column":13},"end":{"line":183,"column":26}},"108":{"start":{"line":184,"column":14},"end":{"line":184,"column":28}},"109":{"start":{"line":185,"column":18},"end":{"line":185,"column":37}},"110":{"start":{"line":189,"column":2},"end":{"line":195,"column":48}},"111":{"start":{"line":193,"column":6},"end":{"line":193,"column":26}},"112":{"start":{"line":195,"column":19},"end":{"line":195,"column":36}},"113":{"start":{"line":195,"column":36},"end":{"line":195,"column":45}},"114":{"start":{"line":199,"column":19},"end":{"line":214,"column":1}},"115":{"start":{"line":200,"column":12},"end":{"line":200,"column":34}},"116":{"start":{"line":201,"column":13},"end":{"line":201,"column":26}},"117":{"start":{"line":202,"column":13},"end":{"line":202,"column":26}},"118":{"start":{"line":203,"column":14},"end":{"line":203,"column":28}},"119":{"start":{"line":204,"column":15},"end":{"line":204,"column":30}},"120":{"start":{"line":208,"column":2},"end":{"line":213,"column":31}},"121":{"start":{"line":211,"column":6},"end":{"line":211,"column":26}},"122":{"start":{"line":213,"column":19},"end":{"line":213,"column":28}},"123":{"start":{"line":216,"column":17},"end":{"line":226,"column":1}},"124":{"start":{"line":217,"column":12},"end":{"line":217,"column":34}},"125":{"start":{"line":219,"column":2},"end":{"line":224,"column":31}},"126":{"start":{"line":222,"column":6},"end":{"line":222,"column":34}},"127":{"start":{"line":224,"column":19},"end":{"line":224,"column":28}},"128":{"start":{"line":229,"column":17},"end":{"line":237,"column":1}},"129":{"start":{"line":230,"column":12},"end":{"line":230,"column":32}},"130":{"start":{"line":231,"column":2},"end":{"line":235,"column":31}},"131":{"start":{"line":233,"column":6},"end":{"line":233,"column":34}},"132":{"start":{"line":235,"column":19},"end":{"line":235,"column":28}},"133":{"start":{"line":239,"column":16},"end":{"line":247,"column":1}},"134":{"start":{"line":240,"column":12},"end":{"line":240,"column":32}},"135":{"start":{"line":241,"column":2},"end":{"line":245,"column":31}},"136":{"start":{"line":243,"column":6},"end":{"line":243,"column":27}},"137":{"start":{"line":245,"column":19},"end":{"line":245,"column":28}},"138":{"start":{"line":251,"column":0},"end":{"line":251,"column":109}}},"fnMap":{"0":{"name":"(anonymous_0)","decl":{"start":{"line":3,"column":16},"end":{"line":3,"column":17}},"loc":{"start":{"line":3,"column":27},"end":{"line":5,"column":1}},"line":3},"1":{"name":"(anonymous_1)","decl":{"start":{"line":7,"column":21},"end":{"line":7,"column":22}},"loc":{"start":{"line":7,"column":34},"end":{"line":130,"column":1}},"line":7},"2":{"name":"(anonymous_2)","decl":{"start":{"line":13,"column":10},"end":{"line":13,"column":11}},"loc":{"start":{"line":13,"column":20},"end":{"line":125,"column":5}},"line":13},"3":{"name":"(anonymous_3)","decl":{"start":{"line":126,"column":11},"end":{"line":126,"column":12}},"loc":{"start":{"line":126,"column":20},"end":{"line":128,"column":5}},"line":126},"4":{"name":"(anonymous_4)","decl":{"start":{"line":132,"column":18},"end":{"line":132,"column":19}},"loc":{"start":{"line":132,"column":31},"end":{"line":178,"column":1}},"line":132},"5":{"name":"(anonymous_5)","decl":{"start":{"line":137,"column":10},"end":{"line":137,"column":11}},"loc":{"start":{"line":137,"column":20},"end":{"line":176,"column":5}},"line":137},"6":{"name":"(anonymous_6)","decl":{"start":{"line":138,"column":37},"end":{"line":138,"column":38}},"loc":{"start":{"line":138,"column":53},"end":{"line":145,"column":5}},"line":138},"7":{"name":"(anonymous_7)","decl":{"start":{"line":177,"column":11},"end":{"line":177,"column":12}},"loc":{"start":{"line":177,"column":18},"end":{"line":177,"column":29}},"line":177},"8":{"name":"(anonymous_8)","decl":{"start":{"line":180,"column":21},"end":{"line":180,"column":22}},"loc":{"start":{"line":180,"column":33},"end":{"line":197,"column":1}},"line":180},"9":{"name":"(anonymous_9)","decl":{"start":{"line":190,"column":10},"end":{"line":190,"column":11}},"loc":{"start":{"line":190,"column":20},"end":{"line":194,"column":5}},"line":190},"10":{"name":"(anonymous_10)","decl":{"start":{"line":195,"column":11},"end":{"line":195,"column":12}},"loc":{"start":{"line":195,"column":18},"end":{"line":195,"column":46}},"line":195},"11":{"name":"(anonymous_11)","decl":{"start":{"line":199,"column":19},"end":{"line":199,"column":20}},"loc":{"start":{"line":199,"column":32},"end":{"line":214,"column":1}},"line":199},"12":{"name":"(anonymous_12)","decl":{"start":{"line":209,"column":10},"end":{"line":209,"column":11}},"loc":{"start":{"line":209,"column":20},"end":{"line":212,"column":5}},"line":209},"13":{"name":"(anonymous_13)","decl":{"start":{"line":213,"column":11},"end":{"line":213,"column":12}},"loc":{"start":{"line":213,"column":18},"end":{"line":213,"column":29}},"line":213},"14":{"name":"(anonymous_14)","decl":{"start":{"line":216,"column":17},"end":{"line":216,"column":18}},"loc":{"start":{"line":216,"column":30},"end":{"line":226,"column":1}},"line":216},"15":{"name":"(anonymous_15)","decl":{"start":{"line":220,"column":10},"end":{"line":220,"column":11}},"loc":{"start":{"line":220,"column":20},"end":{"line":223,"column":5}},"line":220},"16":{"name":"(anonymous_16)","decl":{"start":{"line":224,"column":11},"end":{"line":224,"column":12}},"loc":{"start":{"line":224,"column":18},"end":{"line":224,"column":29}},"line":224},"17":{"name":"(anonymous_17)","decl":{"start":{"line":229,"column":17},"end":{"line":229,"column":18}},"loc":{"start":{"line":229,"column":30},"end":{"line":237,"column":1}},"line":229},"18":{"name":"(anonymous_18)","decl":{"start":{"line":232,"column":10},"end":{"line":232,"column":11}},"loc":{"start":{"line":232,"column":20},"end":{"line":234,"column":5}},"line":232},"19":{"name":"(anonymous_19)","decl":{"start":{"line":235,"column":11},"end":{"line":235,"column":12}},"loc":{"start":{"line":235,"column":18},"end":{"line":235,"column":29}},"line":235},"20":{"name":"(anonymous_20)","decl":{"start":{"line":239,"column":16},"end":{"line":239,"column":17}},"loc":{"start":{"line":239,"column":29},"end":{"line":247,"column":1}},"line":239},"21":{"name":"(anonymous_21)","decl":{"start":{"line":242,"column":10},"end":{"line":242,"column":11}},"loc":{"start":{"line":242,"column":20},"end":{"line":244,"column":5}},"line":242},"22":{"name":"(anonymous_22)","decl":{"start":{"line":245,"column":11},"end":{"line":245,"column":12}},"loc":{"start":{"line":245,"column":18},"end":{"line":245,"column":29}},"line":245}},"branchMap":{"0":{"loc":{"start":{"line":10,"column":13},"end":{"line":10,"column":32}},"type":"binary-expr","locations":[{"start":{"line":10,"column":13},"end":{"line":10,"column":27}},{"start":{"line":10,"column":31},"end":{"line":10,"column":32}}],"line":10},"1":{"loc":{"start":{"line":11,"column":13},"end":{"line":11,"column":33}},"type":"binary-expr","locations":[{"start":{"line":11,"column":13},"end":{"line":11,"column":28}},{"start":{"line":11,"column":32},"end":{"line":11,"column":33}}],"line":11},"2":{"loc":{"start":{"line":24,"column":8},"end":{"line":116,"column":9}},"type":"if","locations":[{"start":{"line":24,"column":8},"end":{"line":116,"column":9}},{"start":{"line":77,"column":14},"end":{"line":116,"column":9}}],"line":24},"3":{"loc":{"start":{"line":33,"column":10},"end":{"line":37,"column":11}},"type":"if","locations":[{"start":{"line":33,"column":10},"end":{"line":37,"column":11}},{"start":{"line":35,"column":17},"end":{"line":37,"column":11}}],"line":33},"4":{"loc":{"start":{"line":41,"column":10},"end":{"line":70,"column":11}},"type":"if","locations":[{"start":{"line":41,"column":10},"end":{"line":70,"column":11}},{"start":{"line":68,"column":17},"end":{"line":70,"column":11}}],"line":41},"5":{"loc":{"start":{"line":44,"column":12},"end":{"line":65,"column":15}},"type":"if","locations":[{"start":{"line":44,"column":12},"end":{"line":65,"column":15}},{"start":{"line":59,"column":21},"end":{"line":65,"column":15}}],"line":44},"6":{"loc":{"start":{"line":54,"column":14},"end":{"line":56,"column":15}},"type":"if","locations":[{"start":{"line":54,"column":14},"end":{"line":56,"column":15}},{"start":{},"end":{}}],"line":54},"7":{"loc":{"start":{"line":60,"column":14},"end":{"line":62,"column":15}},"type":"if","locations":[{"start":{"line":60,"column":14},"end":{"line":62,"column":15}},{"start":{},"end":{}}],"line":60},"8":{"loc":{"start":{"line":82,"column":12},"end":{"line":113,"column":13}},"type":"if","locations":[{"start":{"line":82,"column":12},"end":{"line":113,"column":13}},{"start":{},"end":{}}],"line":82},"9":{"loc":{"start":{"line":85,"column":14},"end":{"line":111,"column":17}},"type":"if","locations":[{"start":{"line":85,"column":14},"end":{"line":111,"column":17}},{"start":{"line":104,"column":23},"end":{"line":111,"column":17}}],"line":85},"10":{"loc":{"start":{"line":99,"column":16},"end":{"line":101,"column":17}},"type":"if","locations":[{"start":{"line":99,"column":16},"end":{"line":101,"column":17}},{"start":{},"end":{}}],"line":99},"11":{"loc":{"start":{"line":105,"column":16},"end":{"line":108,"column":17}},"type":"if","locations":[{"start":{"line":105,"column":16},"end":{"line":108,"column":17}},{"start":{},"end":{}}],"line":105},"12":{"loc":{"start":{"line":134,"column":13},"end":{"line":134,"column":32}},"type":"binary-expr","locations":[{"start":{"line":134,"column":13},"end":{"line":134,"column":27}},{"start":{"line":134,"column":31},"end":{"line":134,"column":32}}],"line":134},"13":{"loc":{"start":{"line":135,"column":13},"end":{"line":135,"column":33}},"type":"binary-expr","locations":[{"start":{"line":135,"column":13},"end":{"line":135,"column":28}},{"start":{"line":135,"column":32},"end":{"line":135,"column":33}}],"line":135},"14":{"loc":{"start":{"line":139,"column":25},"end":{"line":139,"column":45}},"type":"binary-expr","locations":[{"start":{"line":139,"column":25},"end":{"line":139,"column":39}},{"start":{"line":139,"column":43},"end":{"line":139,"column":45}}],"line":139},"15":{"loc":{"start":{"line":155,"column":8},"end":{"line":169,"column":9}},"type":"if","locations":[{"start":{"line":155,"column":8},"end":{"line":169,"column":9}},{"start":{},"end":{}}],"line":155}},"s":{"0":3,"1":3,"2":2,"3":3,"4":1,"5":1,"6":1,"7":1,"8":1,"9":1,"10":1,"11":1,"12":1,"13":1,"14":1,"15":1,"16":1,"17":5,"18":1,"19":1,"20":1,"21":1,"22":1,"23":1,"24":1,"25":1,"26":1,"27":0,"28":1,"29":1,"30":1,"31":1,"32":1,"33":1,"34":1,"35":1,"36":1,"37":1,"38":1,"39":1,"40":1,"41":1,"42":1,"43":1,"44":0,"45":0,"46":1,"47":0,"48":1,"49":4,"50":4,"51":4,"52":4,"53":4,"54":2,"55":2,"56":2,"57":2,"58":2,"59":2,"60":2,"61":2,"62":2,"63":0,"64":2,"65":2,"66":2,"67":4,"68":1,"69":1,"70":0,"71":3,"72":2,"73":2,"74":2,"75":2,"76":1,"77":5,"78":5,"79":5,"80":5,"81":5,"82":5,"83":1,"84":1,"85":1,"86":3,"87":3,"88":15,"89":15,"90":3,"91":3,"92":3,"93":3,"94":3,"95":3,"96":3,"97":3,"98":3,"99":3,"100":1,"101":1,"102":1,"103":1,"104":0,"105":3,"106":1,"107":1,"108":1,"109":1,"110":1,"111":1,"112":0,"113":0,"114":3,"115":0,"116":0,"117":0,"118":0,"119":0,"120":0,"121":0,"122":0,"123":3,"124":1,"125":1,"126":1,"127":0,"128":3,"129":1,"130":1,"131":1,"132":0,"133":3,"134":0,"135":0,"136":0,"137":0,"138":3},"f":{"0":2,"1":1,"2":1,"3":0,"4":2,"5":1,"6":5,"7":0,"8":1,"9":1,"10":0,"11":0,"12":0,"13":0,"14":1,"15":1,"16":0,"17":1,"18":1,"19":0,"20":0,"21":0,"22":0},"b":{"0":[1,1],"1":[1,1],"2":[1,4],"3":[1,0],"4":[1,0],"5":[1,0],"6":[1,0],"7":[0,0],"8":[4,0],"9":[2,2],"10":[0,2],"11":[2,0],"12":[2,1],"13":[2,1],"14":[5,3],"15":[3,12]},"_coverageSchema":"1a1c01bbd47fc00a2c39e90264f33305004495a9","hash":"4eb0ace71fb87c9076e199e3312162c22c2088d7"}
,"/Users/rongli/hackreactor/sdc/questions/questions-api/server/models.js": {"path":"/Users/rongli/hackreactor/sdc/questions/questions-api/server/models.js","statementMap":{"0":{"start":{"line":1,"column":13},"end":{"line":1,"column":28}},"1":{"start":{"line":3,"column":0},"end":{"line":22,"column":2}},"2":{"start":{"line":8,"column":15},"end":{"line":8,"column":29}},"3":{"start":{"line":9,"column":15},"end":{"line":9,"column":29}},"4":{"start":{"line":10,"column":14},"end":{"line":19,"column":112}},"5":{"start":{"line":21,"column":2},"end":{"line":21,"column":65}},"6":{"start":{"line":21,"column":45},"end":{"line":21,"column":63}},"7":{"start":{"line":24,"column":0},"end":{"line":37,"column":2}},"8":{"start":{"line":25,"column":15},"end":{"line":25,"column":29}},"9":{"start":{"line":26,"column":15},"end":{"line":26,"column":29}},"10":{"start":{"line":27,"column":14},"end":{"line":32,"column":60}},"11":{"start":{"line":36,"column":2},"end":{"line":36,"column":65}},"12":{"start":{"line":36,"column":45},"end":{"line":36,"column":63}},"13":{"start":{"line":39,"column":0},"end":{"line":55,"column":2}},"14":{"start":{"line":41,"column":13},"end":{"line":41,"column":41}},"15":{"start":{"line":42,"column":14},"end":{"line":43,"column":54}},"16":{"start":{"line":44,"column":2},"end":{"line":53,"column":38}},"17":{"start":{"line":47,"column":6},"end":{"line":47,"column":38}},"18":{"start":{"line":48,"column":16},"end":{"line":48,"column":34}},"19":{"start":{"line":49,"column":17},"end":{"line":50,"column":34}},"20":{"start":{"line":51,"column":6},"end":{"line":51,"column":35}},"21":{"start":{"line":53,"column":20},"end":{"line":53,"column":36}},"22":{"start":{"line":57,"column":0},"end":{"line":83,"column":2}},"23":{"start":{"line":58,"column":13},"end":{"line":58,"column":41}},"24":{"start":{"line":59,"column":14},"end":{"line":60,"column":62}},"25":{"start":{"line":61,"column":2},"end":{"line":81,"column":40}},"26":{"start":{"line":65,"column":16},"end":{"line":65,"column":34}},"27":{"start":{"line":66,"column":18},"end":{"line":66,"column":20}},"28":{"start":{"line":67,"column":6},"end":{"line":74,"column":9}},"29":{"start":{"line":68,"column":8},"end":{"line":73,"column":74}},"30":{"start":{"line":69,"column":10},"end":{"line":69,"column":27}},"31":{"start":{"line":70,"column":10},"end":{"line":71,"column":36}},"32":{"start":{"line":72,"column":10},"end":{"line":73,"column":71}},"33":{"start":{"line":73,"column":51},"end":{"line":73,"column":69}},"34":{"start":{"line":78,"column":6},"end":{"line":78,"column":21}},"35":{"start":{"line":81,"column":20},"end":{"line":81,"column":38}},"36":{"start":{"line":85,"column":0},"end":{"line":88,"column":2}},"37":{"start":{"line":86,"column":14},"end":{"line":86,"column":80}},"38":{"start":{"line":87,"column":2},"end":{"line":87,"column":63}},"39":{"start":{"line":87,"column":44},"end":{"line":87,"column":60}},"40":{"start":{"line":90,"column":0},"end":{"line":93,"column":2}},"41":{"start":{"line":91,"column":14},"end":{"line":91,"column":78}},"42":{"start":{"line":92,"column":2},"end":{"line":92,"column":63}},"43":{"start":{"line":92,"column":44},"end":{"line":92,"column":60}},"44":{"start":{"line":95,"column":0},"end":{"line":98,"column":2}},"45":{"start":{"line":96,"column":14},"end":{"line":96,"column":65}},"46":{"start":{"line":97,"column":2},"end":{"line":97,"column":63}},"47":{"start":{"line":97,"column":44},"end":{"line":97,"column":60}}},"fnMap":{"0":{"name":"(anonymous_0)","decl":{"start":{"line":3,"column":15},"end":{"line":3,"column":16}},"loc":{"start":{"line":3,"column":35},"end":{"line":22,"column":1}},"line":3},"1":{"name":"(anonymous_1)","decl":{"start":{"line":21,"column":36},"end":{"line":21,"column":37}},"loc":{"start":{"line":21,"column":45},"end":{"line":21,"column":63}},"line":21},"2":{"name":"(anonymous_2)","decl":{"start":{"line":24,"column":15},"end":{"line":24,"column":16}},"loc":{"start":{"line":24,"column":35},"end":{"line":37,"column":1}},"line":24},"3":{"name":"(anonymous_3)","decl":{"start":{"line":36,"column":36},"end":{"line":36,"column":37}},"loc":{"start":{"line":36,"column":45},"end":{"line":36,"column":63}},"line":36},"4":{"name":"(anonymous_4)","decl":{"start":{"line":39,"column":15},"end":{"line":39,"column":16}},"loc":{"start":{"line":39,"column":42},"end":{"line":55,"column":1}},"line":39},"5":{"name":"(anonymous_5)","decl":{"start":{"line":45,"column":10},"end":{"line":45,"column":11}},"loc":{"start":{"line":45,"column":20},"end":{"line":52,"column":5}},"line":45},"6":{"name":"(anonymous_6)","decl":{"start":{"line":53,"column":11},"end":{"line":53,"column":12}},"loc":{"start":{"line":53,"column":20},"end":{"line":53,"column":36}},"line":53},"7":{"name":"(anonymous_7)","decl":{"start":{"line":57,"column":15},"end":{"line":57,"column":16}},"loc":{"start":{"line":57,"column":47},"end":{"line":83,"column":1}},"line":57},"8":{"name":"(anonymous_8)","decl":{"start":{"line":62,"column":10},"end":{"line":62,"column":11}},"loc":{"start":{"line":62,"column":20},"end":{"line":80,"column":5}},"line":62},"9":{"name":"(anonymous_9)","decl":{"start":{"line":68,"column":29},"end":{"line":68,"column":30}},"loc":{"start":{"line":68,"column":36},"end":{"line":73,"column":72}},"line":68},"10":{"name":"(anonymous_10)","decl":{"start":{"line":73,"column":42},"end":{"line":73,"column":43}},"loc":{"start":{"line":73,"column":51},"end":{"line":73,"column":69}},"line":73},"11":{"name":"(anonymous_11)","decl":{"start":{"line":81,"column":11},"end":{"line":81,"column":12}},"loc":{"start":{"line":81,"column":20},"end":{"line":81,"column":38}},"line":81},"12":{"name":"(anonymous_12)","decl":{"start":{"line":85,"column":18},"end":{"line":85,"column":19}},"loc":{"start":{"line":85,"column":26},"end":{"line":88,"column":1}},"line":85},"13":{"name":"(anonymous_13)","decl":{"start":{"line":87,"column":36},"end":{"line":87,"column":37}},"loc":{"start":{"line":87,"column":43},"end":{"line":87,"column":61}},"line":87},"14":{"name":"(anonymous_14)","decl":{"start":{"line":90,"column":18},"end":{"line":90,"column":19}},"loc":{"start":{"line":90,"column":26},"end":{"line":93,"column":1}},"line":90},"15":{"name":"(anonymous_15)","decl":{"start":{"line":92,"column":36},"end":{"line":92,"column":37}},"loc":{"start":{"line":92,"column":43},"end":{"line":92,"column":61}},"line":92},"16":{"name":"(anonymous_16)","decl":{"start":{"line":95,"column":17},"end":{"line":95,"column":18}},"loc":{"start":{"line":95,"column":25},"end":{"line":98,"column":1}},"line":95},"17":{"name":"(anonymous_17)","decl":{"start":{"line":97,"column":36},"end":{"line":97,"column":37}},"loc":{"start":{"line":97,"column":43},"end":{"line":97,"column":61}},"line":97}},"branchMap":{"0":{"loc":{"start":{"line":67,"column":6},"end":{"line":74,"column":9}},"type":"if","locations":[{"start":{"line":67,"column":6},"end":{"line":74,"column":9}},{"start":{},"end":{}}],"line":67}},"s":{"0":3,"1":3,"2":1,"3":1,"4":1,"5":1,"6":0,"7":3,"8":2,"9":2,"10":2,"11":2,"12":0,"13":3,"14":1,"15":1,"16":1,"17":1,"18":1,"19":1,"20":1,"21":0,"22":3,"23":0,"24":0,"25":0,"26":0,"27":0,"28":0,"29":0,"30":0,"31":0,"32":0,"33":0,"34":0,"35":0,"36":3,"37":1,"38":1,"39":0,"40":3,"41":1,"42":1,"43":0,"44":3,"45":0,"46":0,"47":0},"f":{"0":1,"1":0,"2":2,"3":0,"4":1,"5":1,"6":0,"7":0,"8":0,"9":0,"10":0,"11":0,"12":1,"13":0,"14":1,"15":0,"16":0,"17":0},"b":{"0":[0,0]},"_coverageSchema":"1a1c01bbd47fc00a2c39e90264f33305004495a9","hash":"564fe18577f7eb58eaab9aabca88727ea8a0b322"}
,"/Users/rongli/hackreactor/sdc/questions/questions-api/server/routes.js": {"path":"/Users/rongli/hackreactor/sdc/questions/questions-api/server/routes.js","statementMap":{"0":{"start":{"line":1,"column":15},"end":{"line":1,"column":42}},"1":{"start":{"line":2,"column":101},"end":{"line":2,"column":124}},"2":{"start":{"line":4,"column":0},"end":{"line":4,"column":27}},"3":{"start":{"line":5,"column":0},"end":{"line":5,"column":42}},"4":{"start":{"line":6,"column":0},"end":{"line":6,"column":61}},"5":{"start":{"line":7,"column":0},"end":{"line":7,"column":43}},"6":{"start":{"line":8,"column":0},"end":{"line":8,"column":62}},"7":{"start":{"line":9,"column":0},"end":{"line":9,"column":59}},"8":{"start":{"line":10,"column":0},"end":{"line":10,"column":55}},"9":{"start":{"line":12,"column":0},"end":{"line":12,"column":53}},"10":{"start":{"line":15,"column":0},"end":{"line":15,"column":24}}},"fnMap":{},"branchMap":{},"s":{"0":2,"1":2,"2":2,"3":2,"4":2,"5":2,"6":2,"7":2,"8":2,"9":2,"10":2},"f":{},"b":{},"_coverageSchema":"1a1c01bbd47fc00a2c39e90264f33305004495a9","hash":"85862b9553980a1cdfd35cc556c79ec1ac3d7508"}
,"/Users/rongli/hackreactor/sdc/questions/questions-api/server/db/index.js": {"path":"/Users/rongli/hackreactor/sdc/questions/questions-api/server/db/index.js","statementMap":{"0":{"start":{"line":1,"column":14},"end":{"line":1,"column":31}},"1":{"start":{"line":2,"column":16},"end":{"line":2,"column":35}},"2":{"start":{"line":4,"column":19},"end":{"line":8,"column":2}},"3":{"start":{"line":30,"column":9},"end":{"line":30,"column":60}},"4":{"start":{"line":32,"column":0},"end":{"line":34,"column":36}},"5":{"start":{"line":33,"column":14},"end":{"line":33,"column":69}},"6":{"start":{"line":34,"column":18},"end":{"line":34,"column":34}},"7":{"start":{"line":36,"column":0},"end":{"line":36,"column":22}}},"fnMap":{"0":{"name":"(anonymous_0)","decl":{"start":{"line":33,"column":8},"end":{"line":33,"column":9}},"loc":{"start":{"line":33,"column":14},"end":{"line":33,"column":69}},"line":33},"1":{"name":"(anonymous_1)","decl":{"start":{"line":34,"column":9},"end":{"line":34,"column":10}},"loc":{"start":{"line":34,"column":18},"end":{"line":34,"column":34}},"line":34}},"branchMap":{},"s":{"0":3,"1":3,"2":3,"3":3,"4":3,"5":1,"6":0,"7":3},"f":{"0":1,"1":0},"b":{},"_coverageSchema":"1a1c01bbd47fc00a2c39e90264f33305004495a9","hash":"fce3e987ec13b400b1f6d46d143f1e030ed4dbc8"}
}
