TN:
SF:server/app.js
FN:10,(anonymous_0)
FNF:1
FNH:1
FNDA:1,(anonymous_0)
DA:1,1
DA:2,1
DA:4,1
DA:7,1
DA:8,1
DA:10,1
DA:11,1
DA:13,1
LF:8
LH:8
BRF:0
BRH:0
end_of_record
TN:
SF:server/controller.js
FN:3,(anonymous_0)
FN:7,(anonymous_1)
FN:13,(anonymous_2)
FN:126,(anonymous_3)
FN:132,(anonymous_4)
FN:137,(anonymous_5)
FN:138,(anonymous_6)
FN:177,(anonymous_7)
FN:180,(anonymous_8)
FN:190,(anonymous_9)
FN:195,(anonymous_10)
FN:199,(anonymous_11)
FN:209,(anonymous_12)
FN:213,(anonymous_13)
FN:216,(anonymous_14)
FN:220,(anonymous_15)
FN:224,(anonymous_16)
FN:229,(anonymous_17)
FN:232,(anonymous_18)
FN:235,(anonymous_19)
FN:239,(anonymous_20)
FN:242,(anonymous_21)
FN:245,(anonymous_22)
FNF:23
FNH:12
FNDA:2,(anonymous_0)
FNDA:1,(anonymous_1)
FNDA:1,(anonymous_2)
FNDA:0,(anonymous_3)
FNDA:2,(anonymous_4)
FNDA:1,(anonymous_5)
FNDA:5,(anonymous_6)
FNDA:0,(anonymous_7)
FNDA:1,(anonymous_8)
FNDA:1,(anonymous_9)
FNDA:0,(anonymous_10)
FNDA:0,(anonymous_11)
FNDA:0,(anonymous_12)
FNDA:0,(anonymous_13)
FNDA:1,(anonymous_14)
FNDA:1,(anonymous_15)
FNDA:0,(anonymous_16)
FNDA:1,(anonymous_17)
FNDA:1,(anonymous_18)
FNDA:0,(anonymous_19)
FNDA:0,(anonymous_20)
FNDA:0,(anonymous_21)
FNDA:0,(anonymous_22)
DA:1,3
DA:3,3
DA:4,2
DA:7,3
DA:9,1
DA:10,1
DA:11,1
DA:12,1
DA:15,1
DA:16,1
DA:17,1
DA:19,1
DA:20,1
DA:21,1
DA:22,1
DA:23,1
DA:24,5
DA:26,1
DA:27,1
DA:28,1
DA:29,1
DA:30,1
DA:31,1
DA:32,1
DA:33,1
DA:34,1
DA:36,0
DA:39,1
DA:40,1
DA:41,1
DA:42,1
DA:44,1
DA:45,1
DA:46,1
DA:48,1
DA:49,1
DA:50,1
DA:51,1
DA:52,1
DA:53,1
DA:54,1
DA:55,1
DA:58,1
DA:60,0
DA:61,0
DA:66,1
DA:69,0
DA:73,1
DA:79,4
DA:81,4
DA:82,4
DA:83,4
DA:85,4
DA:89,2
DA:90,2
DA:92,2
DA:93,2
DA:94,2
DA:95,2
DA:96,2
DA:97,2
DA:99,2
DA:100,0
DA:103,2
DA:105,2
DA:107,2
DA:114,4
DA:122,1
DA:124,1
DA:127,0
DA:132,3
DA:133,2
DA:134,2
DA:135,2
DA:136,2
DA:138,1
DA:139,5
DA:140,5
DA:141,5
DA:142,5
DA:143,5
DA:144,5
DA:147,1
DA:148,1
DA:149,1
DA:151,3
DA:153,15
DA:155,15
DA:156,3
DA:158,3
DA:159,3
DA:160,3
DA:162,3
DA:163,3
DA:164,3
DA:165,3
DA:167,3
DA:168,3
DA:172,1
DA:173,1
DA:174,1
DA:175,1
DA:177,0
DA:180,3
DA:182,1
DA:183,1
DA:184,1
DA:185,1
DA:189,1
DA:193,1
DA:195,0
DA:199,3
DA:200,0
DA:201,0
DA:202,0
DA:203,0
DA:204,0
DA:208,0
DA:211,0
DA:213,0
DA:216,3
DA:217,1
DA:219,1
DA:222,1
DA:224,0
DA:229,3
DA:230,1
DA:231,1
DA:233,1
DA:235,0
DA:239,3
DA:240,0
DA:241,0
DA:243,0
DA:245,0
DA:251,3
LF:136
LH:114
BRDA:10,0,0,1
BRDA:10,0,1,1
BRDA:11,1,0,1
BRDA:11,1,1,1
BRDA:24,2,0,1
BRDA:24,2,1,4
BRDA:33,3,0,1
BRDA:33,3,1,0
BRDA:41,4,0,1
BRDA:41,4,1,0
BRDA:44,5,0,1
BRDA:44,5,1,0
BRDA:54,6,0,1
BRDA:54,6,1,0
BRDA:60,7,0,0
BRDA:60,7,1,0
BRDA:82,8,0,4
BRDA:82,8,1,0
BRDA:85,9,0,2
BRDA:85,9,1,2
BRDA:99,10,0,0
BRDA:99,10,1,2
BRDA:105,11,0,2
BRDA:105,11,1,0
BRDA:134,12,0,2
BRDA:134,12,1,1
BRDA:135,13,0,2
BRDA:135,13,1,1
BRDA:139,14,0,5
BRDA:139,14,1,3
BRDA:155,15,0,3
BRDA:155,15,1,12
BRF:32
BRH:23
end_of_record
TN:
SF:server/models.js
FN:3,(anonymous_0)
FN:21,(anonymous_1)
FN:24,(anonymous_2)
FN:36,(anonymous_3)
FN:39,(anonymous_4)
FN:45,(anonymous_5)
FN:53,(anonymous_6)
FN:57,(anonymous_7)
FN:62,(anonymous_8)
FN:68,(anonymous_9)
FN:73,(anonymous_10)
FN:81,(anonymous_11)
FN:85,(anonymous_12)
FN:87,(anonymous_13)
FN:90,(anonymous_14)
FN:92,(anonymous_15)
FN:95,(anonymous_16)
FN:97,(anonymous_17)
FNF:18
FNH:6
FNDA:1,(anonymous_0)
FNDA:0,(anonymous_1)
FNDA:2,(anonymous_2)
FNDA:0,(anonymous_3)
FNDA:1,(anonymous_4)
FNDA:1,(anonymous_5)
FNDA:0,(anonymous_6)
FNDA:0,(anonymous_7)
FNDA:0,(anonymous_8)
FNDA:0,(anonymous_9)
FNDA:0,(anonymous_10)
FNDA:0,(anonymous_11)
FNDA:1,(anonymous_12)
FNDA:0,(anonymous_13)
FNDA:1,(anonymous_14)
FNDA:0,(anonymous_15)
FNDA:0,(anonymous_16)
FNDA:0,(anonymous_17)
DA:1,3
DA:3,3
DA:8,1
DA:9,1
DA:10,1
DA:21,1
DA:24,3
DA:25,2
DA:26,2
DA:27,2
DA:36,2
DA:39,3
DA:41,1
DA:42,1
DA:44,1
DA:47,1
DA:48,1
DA:49,1
DA:51,1
DA:53,0
DA:57,3
DA:58,0
DA:59,0
DA:61,0
DA:65,0
DA:66,0
DA:67,0
DA:68,0
DA:69,0
DA:70,0
DA:72,0
DA:73,0
DA:78,0
DA:81,0
DA:85,3
DA:86,1
DA:87,1
DA:90,3
DA:91,1
DA:92,1
DA:95,3
DA:96,0
DA:97,0
LF:43
LH:27
BRDA:67,0,0,0
BRDA:67,0,1,0
BRF:2
BRH:0
end_of_record
TN:
SF:server/routes.js
FNF:0
FNH:0
DA:1,2
DA:2,2
DA:4,2
DA:5,2
DA:6,2
DA:7,2
DA:8,2
DA:9,2
DA:10,2
DA:12,2
DA:15,2
LF:11
LH:11
BRF:0
BRH:0
end_of_record
TN:
SF:server/db/index.js
FN:33,(anonymous_0)
FN:34,(anonymous_1)
FNF:2
FNH:1
FNDA:1,(anonymous_0)
FNDA:0,(anonymous_1)
DA:1,3
DA:2,3
DA:4,3
DA:30,3
DA:32,3
DA:33,1
DA:34,0
DA:36,3
LF:8
LH:7
BRF:0
BRH:0
end_of_record
